============================= test session starts =============================
platform win32 -- Python 3.12.10, pytest-9.0.3, pluggy-1.6.0 -- C:\Users\minwo\Downloads\adaptive-whitelist-engine\.venv\Scripts\python.exe
cachedir: .pytest_cache
rootdir: C:\Users\minwo\Downloads\HuggingMask
plugins: anyio-4.13.0
collecting ... collected 61 items

tests/test_audit_chain.py::TestChainFormation::test_first_entry_links_to_genesis PASSED [  1%]
tests/test_audit_chain.py::TestChainFormation::test_chain_links PASSED   [  3%]
tests/test_audit_chain.py::TestVerification::test_intact_chain_passes PASSED [  4%]
tests/test_audit_chain.py::TestVerification::test_detail_tampering_detected PASSED [  6%]
tests/test_audit_chain.py::TestVerification::test_prev_hash_tampering_detected PASSED [  8%]
tests/test_audit_chain.py::TestHashFunction::test_deterministic PASSED   [  9%]
tests/test_audit_chain.py::TestHashFunction::test_input_change_changes_hash PASSED [ 11%]
tests/test_audit_chain.py::TestHashFunction::test_tzinfo_normalization PASSED [ 13%]
tests/test_feedback.py::TestNormalFeedback::test_creates_pending_and_audit PASSED [ 14%]
tests/test_feedback.py::TestAutoRejection::test_permanently_blocked_api_auto_rejected PASSED [ 16%]
tests/test_feedback.py::TestRejectionEdgeCases::test_already_approved_raises PASSED [ 18%]
tests/test_feedback.py::TestRejectionEdgeCases::test_empty_api_raises PASSED [ 19%]
tests/test_feedback.py::TestRejectionEdgeCases::test_unique_report_ids_for_same_api PASSED [ 21%]
tests/test_health.py::test_health PASSED                                 [ 22%]
tests/test_pending_store.py::TestUpsertBehavior::test_first_insert_creates_record PASSED [ 24%]
tests/test_pending_store.py::TestUpsertBehavior::test_repeated_increments_seen_count PASSED [ 26%]
tests/test_pending_store.py::TestUpsertBehavior::test_last_seen_at_updates PASSED [ 27%]
tests/test_pending_store.py::TestUpsertBehavior::test_model_list_dedup PASSED [ 29%]
tests/test_pending_store.py::TestUpsertBehavior::test_sample_callsites_capped_at_20 PASSED [ 31%]
tests/test_pending_store.py::TestUpsertBehavior::test_risk_keywords_merge PASSED [ 32%]
tests/test_pending_store.py::TestUpsertBehavior::test_review_status_always_pending_initially PASSED [ 34%]
tests/test_pending_store.py::TestRecordSerialization::test_to_record_round_trips PASSED [ 36%]
tests/test_pending_store.py::TestListing::test_count PASSED              [ 37%]
tests/test_pending_store.py::TestListing::test_filter_by_classification PASSED [ 39%]
tests/test_router_e2e.py::TestSpecExample::test_check_three_apis PASSED  [ 40%]
tests/test_router_e2e.py::TestPendingFlow::test_unknown_api_creates_pending_then_listed PASSED [ 42%]
tests/test_router_e2e.py::TestReviewFlow::test_approve_changes_subsequent_check_to_allowed PASSED [ 44%]
tests/test_router_e2e.py::TestFeedbackFlow::test_normal_feedback PASSED  [ 45%]
tests/test_router_e2e.py::TestFeedbackFlow::test_blocked_api_auto_rejected PASSED [ 47%]
tests/test_router_e2e.py::TestAuditChainEndpoint::test_chain_starts_intact PASSED [ 49%]
tests/test_router_e2e.py::TestStats::test_stats_endpoint PASSED          [ 50%]
tests/test_router_e2e.py::TestHealth::test_health PASSED                 [ 52%]
tests/test_router_e2e.py::TestHealth::test_root PASSED                   [ 54%]
tests/test_whitelist_engine.py::TestAllowed::test_seeded_api_is_allowed PASSED [ 55%]
tests/test_whitelist_engine.py::TestAllowed::test_response_envelope_propagates_request_ids PASSED [ 57%]
tests/test_whitelist_engine.py::TestBlocked::test_permanently_blocked[torch.load] PASSED [ 59%]
tests/test_whitelist_engine.py::TestBlocked::test_permanently_blocked[pickle.load] PASSED [ 60%]
tests/test_whitelist_engine.py::TestBlocked::test_permanently_blocked[pickle.loads] PASSED [ 62%]
tests/test_whitelist_engine.py::TestBlocked::test_permanently_blocked[numpy.load] PASSED [ 63%]
tests/test_whitelist_engine.py::TestBlocked::test_permanently_blocked[os.system] PASSED [ 65%]
tests/test_whitelist_engine.py::TestBlocked::test_permanently_blocked[subprocess.run] PASSED [ 67%]
tests/test_whitelist_engine.py::TestBlocked::test_permanently_blocked[subprocess.Popen] PASSED [ 68%]
tests/test_whitelist_engine.py::TestBlocked::test_permanently_blocked[builtins.eval] PASSED [ 70%]
tests/test_whitelist_engine.py::TestBlocked::test_permanently_blocked[builtins.exec] PASSED [ 72%]
tests/test_whitelist_engine.py::TestBlocked::test_permanently_blocked[builtins.__import__] PASSED [ 73%]
tests/test_whitelist_engine.py::TestBlocked::test_permanently_blocked[importlib.import_module] PASSED [ 75%]
tests/test_whitelist_engine.py::TestBlocked::test_permanently_blocked[yaml.unsafe_load] PASSED [ 77%]
tests/test_whitelist_engine.py::TestBlocked::test_block_overrides_allow PASSED [ 78%]
tests/test_whitelist_engine.py::TestBlocked::test_db_blocked_entry PASSED [ 80%]
tests/test_whitelist_engine.py::TestPending::test_unknown_api_in_known_namespace PASSED [ 81%]
tests/test_whitelist_engine.py::TestPending::test_pending_record_created PASSED [ 83%]
tests/test_whitelist_engine.py::TestPending::test_repeated_api_increments_seen_count PASSED [ 85%]
tests/test_whitelist_engine.py::TestPending::test_model_list_accumulates PASSED [ 86%]
tests/test_whitelist_engine.py::TestPending::test_documentation_url_inferred PASSED [ 88%]
tests/test_whitelist_engine.py::TestUnknown::test_unknown_namespace PASSED [ 90%]
tests/test_whitelist_engine.py::TestUnknown::test_unknown_still_creates_pending PASSED [ 91%]
tests/test_whitelist_engine.py::TestRiskKeywordEscalation::test_load_keyword_escalates_recommendation PASSED [ 93%]
tests/test_whitelist_engine.py::TestAutoApproveIsRecommendationOnly::test_auto_approve_pending_is_not_in_approved_table PASSED [ 95%]
tests/test_whitelist_engine.py::TestDeterminism::test_same_input_same_output PASSED [ 96%]
tests/test_whitelist_engine.py::TestDeterminism::test_order_independence PASSED [ 98%]
tests/test_whitelist_engine.py::TestSpecExample::test_spec_example_three_apis PASSED [100%]

============================= 61 passed in 3.49s ==============================
