============================= test session starts =============================
platform win32 -- Python 3.12.10, pytest-9.0.3, pluggy-1.6.0 -- C:\Users\minwo\Downloads\HuggingMask\.venv\Scripts\python.exe
cachedir: .pytest_cache
rootdir: C:\Users\minwo\Downloads\HuggingMask
plugins: anyio-4.13.0
collecting ... collected 233 items

tests/integration/test_mock_hf_scenarios.py::TestSimulatedExtractor::test_resolves_aliased_imports PASSED [  0%]
tests/integration/test_mock_hf_scenarios.py::TestSimulatedExtractor::test_normalizes_bare_builtins PASSED [  0%]
tests/integration/test_mock_hf_scenarios.py::TestSimulatedExtractor::test_extracts_class_bases PASSED [  1%]
tests/integration/test_mock_hf_scenarios.py::TestSimulatedExtractor::test_syntax_error_safe PASSED [  1%]
tests/integration/test_mock_hf_scenarios.py::TestHM04MaliciousCode::test_extractor_finds_dangerous_import_call PASSED [  2%]
tests/integration/test_mock_hf_scenarios.py::TestHM04MaliciousCode::test_engine_blocks_dangerous_call PASSED [  2%]
tests/integration/test_mock_hf_scenarios.py::TestHM04MaliciousCode::test_at_least_one_blocked_signals_grade_c PASSED [  3%]
tests/integration/test_mock_hf_scenarios.py::TestHM04MaliciousCode::test_safe_apis_in_evil_file_still_allowed PASSED [  3%]
tests/integration/test_mock_hf_scenarios.py::TestHM05SafeCodeBadConfig::test_no_blocked_signals_from_safe_code PASSED [  3%]
tests/integration/test_mock_hf_scenarios.py::TestHM05SafeCodeBadConfig::test_all_signals_are_allowed_or_pending PASSED [  4%]
tests/integration/test_mock_hf_scenarios.py::TestExpectedResultAlignment::test_blocked_signal_alignment[hm-04-bad-py-import-modeling_evil.py-True] PASSED [  4%]
tests/integration/test_mock_hf_scenarios.py::TestExpectedResultAlignment::test_blocked_signal_alignment[hm-05-bad-config-automap-modeling_safe.py-False] PASSED [  5%]
tests/integration/test_yangyu_whitelist_e2e.py::TestHM04ViaYangyuPipeline::test_yangyu_pipeline_blocks_dangerous_call PASSED [  5%]
tests/integration/test_yangyu_whitelist_e2e.py::TestHM04ViaYangyuPipeline::test_safe_apis_in_evil_file_still_allowed PASSED [  6%]
tests/integration/test_yangyu_whitelist_e2e.py::TestHM05ViaYangyuPipeline::test_safe_code_no_blocked_from_lookup PASSED [  6%]
tests/integration/test_yangyu_whitelist_e2e.py::TestAutoPendingRegistration::test_unregistered_apis_become_pending_after_context_exit PASSED [  6%]
tests/integration/test_yangyu_whitelist_e2e.py::TestAutoPendingRegistration::test_already_seeded_api_does_not_create_pending PASSED [  7%]
tests/test_audit_chain.py::TestChainFormation::test_first_entry_links_to_genesis PASSED [  7%]
tests/test_audit_chain.py::TestChainFormation::test_chain_links PASSED   [  8%]
tests/test_audit_chain.py::TestVerification::test_intact_chain_passes PASSED [  8%]
tests/test_audit_chain.py::TestVerification::test_detail_tampering_detected PASSED [  9%]
tests/test_audit_chain.py::TestVerification::test_prev_hash_tampering_detected PASSED [  9%]
tests/test_audit_chain.py::TestHashFunction::test_deterministic PASSED   [  9%]
tests/test_audit_chain.py::TestHashFunction::test_input_change_changes_hash PASSED [ 10%]
tests/test_audit_chain.py::TestHashFunction::test_tzinfo_normalization PASSED [ 10%]
tests/test_code_api.py::test_alias_resolution_from_stage4_ast_scan_result PASSED [ 11%]
tests/test_code_api.py::test_blocked_and_risk_api_take_priority_over_allow_lookup PASSED [ 11%]
tests/test_code_api.py::test_contextual_apis_are_not_name_only_blocked_in_stage5 PASSED [ 12%]
tests/test_code_api.py::test_unregistered_api_is_collected_as_pending_candidate PASSED [ 12%]
tests/test_code_api.py::test_unresolved_call_with_dynamic_pattern_hits_step1_first PASSED [ 12%]
tests/test_code_api.py::test_result_payload_is_json_serializable PASSED  [ 13%]
tests/test_code_ast.py::test_import_function_method_class_and_call_candidates_are_extracted PASSED [ 13%]
tests/test_code_ast.py::test_base_class_list_is_extracted PASSED         [ 14%]
tests/test_code_ast.py::test_dangerous_import_candidates_are_extracted PASSED [ 14%]
tests/test_code_ast.py::test_dangerous_call_candidates_are_extracted PASSED [ 15%]
tests/test_code_ast.py::test_dynamic_pattern_candidates_are_extracted PASSED [ 15%]
tests/test_code_ast.py::test_obfuscation_pattern_candidates_are_extracted PASSED [ 15%]
tests/test_code_ast.py::test_contextual_api_candidates_are_extracted_without_decision PASSED [ 16%]
tests/test_code_ast.py::test_configuration_metadata_for_regenerable_config_is_extracted PASSED [ 16%]
tests/test_code_ast.py::test_configuration_metadata_blocks_top_level_and_helper_call_shapes PASSED [ 17%]
tests/test_code_ast.py::test_super_init_call_is_not_counted_as_raw_api PASSED [ 17%]
tests/test_code_ast.py::test_parse_error_is_reported PASSED              [ 18%]
tests/test_code_ast.py::test_result_payload_is_json_serializable PASSED  [ 18%]
tests/test_code_context.py::test_analyze_open_call_resource_read_in_preprocessing_is_safe PASSED [ 18%]
tests/test_code_context.py::test_analyze_open_call_dynamic_read_is_review PASSED [ 19%]
tests/test_code_context.py::test_analyze_open_call_write_mode_is_block PASSED [ 19%]
tests/test_code_context.py::test_analyze_path_read_text_resource_is_safe PASSED [ 20%]
tests/test_code_context.py::test_analyze_path_write_text_is_block PASSED [ 20%]
tests/test_code_context.py::test_analyze_path_open_mode_is_same_rule_as_open PASSED [ 21%]
tests/test_code_context.py::test_analyze_os_path_helper_constant_join_is_safe PASSED [ 21%]
tests/test_code_context.py::test_analyze_os_path_helper_user_input_is_review PASSED [ 21%]
tests/test_code_context.py::test_analyze_env_call_always_review_and_keeps_sensitive_flow_evidence PASSED [ 22%]
tests/test_code_context.py::test_analyze_file_mutation_call_is_block PASSED [ 22%]
tests/test_code_context.py::test_dispatcher_routes_api_types_and_summary_decision PASSED [ 23%]
tests/test_code_context.py::test_context_api_scan_payload_is_json_serializable PASSED [ 23%]
tests/test_code_roles.py::test_configuration_file_is_classified_by_filename PASSED [ 24%]
tests/test_code_roles.py::test_generation_config_file_is_configuration_candidate PASSED [ 24%]
tests/test_code_roles.py::test_modeling_file_is_classified_by_filename PASSED [ 24%]
tests/test_code_roles.py::test_tokenization_file_is_preprocessing_tokenizer PASSED [ 25%]
tests/test_code_roles.py::test_processing_file_is_preprocessing_processor PASSED [ 25%]
tests/test_code_roles.py::test_image_processing_file_is_preprocessing_image_processor PASSED [ 26%]
tests/test_code_roles.py::test_convert_file_is_auxiliary_convert_script PASSED [ 26%]
tests/test_code_roles.py::test_export_only_init_is_auxiliary_init_export_only PASSED [ 27%]
tests/test_code_roles.py::test_dynamic_init_is_not_init_export_only PASSED [ 27%]
tests/test_code_roles.py::test_ast_shape_can_classify_configuration_when_name_is_ambiguous PASSED [ 27%]
tests/test_code_roles.py::test_ast_shape_can_classify_modeling_when_name_is_ambiguous PASSED [ 28%]
tests/test_code_roles.py::test_unknown_file_remains_unknown_and_not_auto_approved PASSED [ 28%]
tests/test_code_roles.py::test_parse_error_returns_unknown_with_parse_reason PASSED [ 29%]
tests/test_code_roles.py::test_classification_payload_is_json_ready PASSED [ 29%]
tests/test_code_validation_flow.py::test_code_validation_flow_regression_from_fixtures[cv_01_simple_config] PASSED [ 30%]
tests/test_code_validation_flow.py::test_code_validation_flow_regression_from_fixtures[cv_02_config_auto_map_pass] PASSED [ 30%]
tests/test_code_validation_flow.py::test_code_validation_flow_regression_from_fixtures[cv_03_config_auto_map_block] PASSED [ 30%]
tests/test_code_validation_flow.py::test_code_validation_flow_regression_from_fixtures[cv_04_config_auto_map_pending] PASSED [ 31%]
tests/test_code_validation_flow.py::test_code_validation_flow_regression_from_fixtures[cv_05_modeling_runtime_pass] PASSED [ 31%]
tests/test_code_validation_flow.py::test_code_validation_flow_regression_from_fixtures[cv_06_modeling_runtime_skipped] PASSED [ 32%]
tests/test_code_validation_flow.py::test_code_validation_flow_regression_from_fixtures[cv_07_danger_eval] PASSED [ 32%]
tests/test_code_validation_flow.py::test_code_validation_flow_regression_from_fixtures[cv_08_danger_torch_load] PASSED [ 33%]
tests/test_code_validation_flow.py::test_code_validation_flow_regression_from_fixtures[cv_09_danger_subprocess] PASSED [ 33%]
tests/test_code_validation_flow.py::test_code_validation_flow_regression_from_fixtures[cv_10_unregistered_api] PASSED [ 33%]
tests/test_code_validation_flow.py::test_code_validation_flow_regression_from_fixtures[cv_11_context_review] PASSED [ 34%]
tests/test_code_validation_flow.py::test_code_validation_flow_regression_from_fixtures[cv_12_context_block] PASSED [ 34%]
tests/test_code_validation_flow.py::test_code_validation_flow_regression_from_fixtures[cv_13_preprocessing_no_auto_pass] PASSED [ 35%]
tests/test_code_validation_flow.py::test_code_validation_flow_regression_from_fixtures[cv_14_auxiliary_no_auto_pass] PASSED [ 35%]
tests/test_code_validation_flow.py::test_code_validation_flow_regression_from_fixtures[cv_15_unknown_no_auto_pass] PASSED [ 36%]
tests/test_code_validator.py::test_simple_configuration_is_grade_a_pass PASSED [ 36%]
tests/test_code_validator.py::test_configuration_with_execution_method_is_not_grade_a PASSED [ 36%]
tests/test_code_validator.py::test_configuration_missing_model_type_is_b2_pending_review PASSED [ 37%]
tests/test_code_validator.py::test_configuration_without_pretrainedconfig_is_b2_pending_review PASSED [ 37%]
tests/test_code_validator.py::test_configuration_init_helper_call_is_b2_pending_review PASSED [ 38%]
tests/test_code_validator.py::test_configuration_init_eval_is_immediate_c_block PASSED [ 38%]
tests/test_code_validator.py::test_configuration_top_level_function_call_is_b2_pending_review PASSED [ 39%]
tests/test_code_validator.py::test_configuration_top_level_dangerous_call_is_c_block PASSED [ 39%]
tests/test_code_validator.py::test_modeling_allowed_api_with_runtime_pass_is_b1_pass PASSED [ 39%]
tests/test_code_validator.py::test_modeling_runtime_missing_or_skipped_is_b2_pending_review PASSED [ 40%]
tests/test_code_validator.py::test_unregistered_api_is_b2_pending_review PASSED [ 40%]
tests/test_code_validator.py::test_dynamic_pattern_is_c_pending_review_not_block PASSED [ 41%]
tests/test_code_validator.py::test_eval_is_immediate_c_block PASSED      [ 41%]
tests/test_code_validator.py::test_torch_load_is_immediate_c_block PASSED [ 42%]
tests/test_code_validator.py::test_os_remove_is_immediate_context_block PASSED [ 42%]
tests/test_code_validator.py::test_shutil_rmtree_is_immediate_context_block PASSED [ 42%]
tests/test_code_validator.py::test_context_block_has_higher_priority_than_dynamic_review_paths PASSED [ 43%]
tests/test_code_validator.py::test_preprocessing_and_auxiliary_roles_are_not_auto_passed PASSED [ 43%]
tests/test_code_validator.py::test_result_details_include_required_keys_and_are_json_serializable PASSED [ 44%]
tests/test_config_validator.py::test_trigger_absent_and_valid_json_is_pass PASSED [ 44%]
tests/test_config_validator.py::test_auto_map_extracts_referenced_python_and_links_passed_code PASSED [ 45%]
tests/test_config_validator.py::test_custom_pipelines_extracts_referenced_python PASSED [ 45%]
tests/test_config_validator.py::test_trust_remote_code_true_with_references_keeps_routing_evidence PASSED [ 45%]
tests/test_config_validator.py::test_linked_code_block_raises_config_block PASSED [ 46%]
tests/test_config_validator.py::test_linked_context_block_uses_ast_metadata_from_config_reroute PASSED [ 46%]
tests/test_config_validator.py::test_linked_code_pending_review_raises_config_pending_review PASSED [ 47%]
tests/test_config_validator.py::test_missing_loader_or_reference_keeps_pending_review_with_details PASSED [ 47%]
tests/test_config_validator.py::test_tokenizer_config_custom_class_reference_is_extracted PASSED [ 48%]
tests/test_config_validator.py::test_tokenizer_config_referenced_code_block_raises_config_block_without_trigger_field PASSED [ 48%]
tests/test_config_validator.py::test_invalid_json_blocks_config PASSED   [ 48%]
tests/test_config_validator.py::test_details_include_required_keys_and_json_serializable PASSED [ 49%]
tests/test_feedback.py::TestNormalFeedback::test_creates_pending_and_audit PASSED [ 49%]
tests/test_feedback.py::TestAutoRejection::test_permanently_blocked_api_auto_rejected PASSED [ 50%]
tests/test_feedback.py::TestRejectionEdgeCases::test_already_approved_raises PASSED [ 50%]
tests/test_feedback.py::TestRejectionEdgeCases::test_empty_api_raises PASSED [ 51%]
tests/test_feedback.py::TestRejectionEdgeCases::test_unique_report_ids_for_same_api PASSED [ 51%]
tests/test_file_classifier.py::test_classify_file_kind[model.safetensors-SAFETENSORS] PASSED [ 51%]
tests/test_file_classifier.py::test_classify_file_kind[weights.pkl-PICKLE] PASSED [ 52%]
tests/test_file_classifier.py::test_classify_file_kind[pytorch_model.pt-PICKLE] PASSED [ 52%]
tests/test_file_classifier.py::test_classify_file_kind[pytorch_model.bin-PICKLE] PASSED [ 53%]
tests/test_file_classifier.py::test_classify_file_kind[modeling_demo.py-PYTHON] PASSED [ 53%]
tests/test_file_classifier.py::test_classify_file_kind[config.json-CONFIG_JSON] PASSED [ 54%]
tests/test_file_classifier.py::test_classify_file_kind[nested/config.json-CONFIG_JSON] PASSED [ 54%]
tests/test_file_classifier.py::test_classify_file_kind[tokenizer_config.json-TOKENIZER_CONFIG_JSON] PASSED [ 54%]
tests/test_file_classifier.py::test_classify_file_kind[nested/tokenizer_config.json-TOKENIZER_CONFIG_JSON] PASSED [ 55%]
tests/test_file_classifier.py::test_classify_file_kind[README.md-OTHER] PASSED [ 55%]
tests/test_file_classifier.py::test_classify_file_kind[weights.json-OTHER] PASSED [ 56%]
tests/test_file_classifier.py::test_config_names_take_priority_over_json_suffix PASSED [ 56%]
tests/test_file_classifier.py::test_windows_repo_path_is_normalized_to_posix PASSED [ 57%]
tests/test_file_classifier.py::test_artifact_ref_uses_bytes_for_sha256_and_size PASSED [ 57%]
tests/test_file_classifier.py::test_artifact_ref_can_read_local_file_without_importing_code PASSED [ 57%]
tests/test_file_classifier.py::test_build_artifact_ref_requires_content_or_local_path PASSED [ 58%]
tests/test_health.py::test_health PASSED                                 [ 58%]
tests/test_json_schema.py::test_interface_enum_values_are_stable PASSED  [ 59%]
tests/test_json_schema.py::test_policy_fingerprint_is_generated_from_versions PASSED [ 59%]
tests/test_json_schema.py::test_artifact_validation_result_serializes_details_and_enums PASSED [ 60%]
tests/test_json_schema.py::test_validation_job_request_and_response_roundtrip PASSED [ 60%]
tests/test_json_schema.py::test_artifact_ref_rejects_invalid_artifact_id PASSED [ 60%]
tests/test_pending_store.py::TestUpsertBehavior::test_first_insert_creates_record PASSED [ 61%]
tests/test_pending_store.py::TestUpsertBehavior::test_repeated_increments_seen_count PASSED [ 61%]
tests/test_pending_store.py::TestUpsertBehavior::test_last_seen_at_updates PASSED [ 62%]
tests/test_pending_store.py::TestUpsertBehavior::test_model_list_dedup PASSED [ 62%]
tests/test_pending_store.py::TestUpsertBehavior::test_sample_callsites_capped_at_20 PASSED [ 63%]
tests/test_pending_store.py::TestUpsertBehavior::test_risk_keywords_merge PASSED [ 63%]
tests/test_pending_store.py::TestUpsertBehavior::test_review_status_always_pending_initially PASSED [ 63%]
tests/test_pending_store.py::TestRecordSerialization::test_to_record_round_trips PASSED [ 64%]
tests/test_pending_store.py::TestListing::test_count PASSED              [ 64%]
tests/test_pending_store.py::TestListing::test_filter_by_classification PASSED [ 65%]
tests/test_pending_upsert_contract.py::TestRoundTrip::test_full_record_preserved PASSED [ 65%]
tests/test_pending_upsert_contract.py::TestMultiElementPreservation::test_model_list_2_or_more_preserved PASSED [ 66%]
tests/test_pending_upsert_contract.py::TestMultiElementPreservation::test_sample_callsites_2_or_more_preserved PASSED [ 66%]
tests/test_pending_upsert_contract.py::TestMultiElementPreservation::test_verified_org_list_full_preserved PASSED [ 66%]
tests/test_pending_upsert_contract.py::TestMultiElementPreservation::test_risk_keywords_preserved PASSED [ 67%]
tests/test_pending_upsert_contract.py::TestCreatedFromJobId::test_record_job_id_used_not_request_job_id PASSED [ 67%]
tests/test_pending_upsert_contract.py::TestReviewStatusPolicy::test_non_pending_status_raises[UNDER_REVIEW] PASSED [ 68%]
tests/test_pending_upsert_contract.py::TestReviewStatusPolicy::test_non_pending_status_raises[APPROVED] PASSED [ 68%]
tests/test_pending_upsert_contract.py::TestReviewStatusPolicy::test_non_pending_status_raises[REJECTED] PASSED [ 69%]
tests/test_pending_upsert_contract.py::TestReviewStatusPolicy::test_non_pending_status_raises[DEFERRED] PASSED [ 69%]
tests/test_pending_upsert_contract.py::TestReviewStatusPolicy::test_pending_status_succeeds PASSED [ 69%]
tests/test_pending_upsert_contract.py::TestUpdateBehavior::test_existing_record_overwritten_by_request PASSED [ 70%]
tests/test_pending_upsert_contract.py::TestRouterRoundTrip::test_post_pending_upsert_full_roundtrip PASSED [ 70%]
tests/test_pending_upsert_contract.py::TestRouterRoundTrip::test_post_pending_upsert_rejects_non_pending PASSED [ 71%]
tests/test_router_e2e.py::TestSpecExample::test_check_three_apis PASSED  [ 71%]
tests/test_router_e2e.py::TestPendingFlow::test_unknown_api_creates_pending_then_listed PASSED [ 72%]
tests/test_router_e2e.py::TestReviewFlow::test_approve_changes_subsequent_check_to_allowed PASSED [ 72%]
tests/test_router_e2e.py::TestFeedbackFlow::test_normal_feedback PASSED  [ 72%]
tests/test_router_e2e.py::TestFeedbackFlow::test_blocked_api_auto_rejected PASSED [ 73%]
tests/test_router_e2e.py::TestAuditChainEndpoint::test_chain_starts_intact PASSED [ 73%]
tests/test_router_e2e.py::TestStats::test_stats_endpoint PASSED          [ 74%]
tests/test_router_e2e.py::TestHealth::test_health PASSED                 [ 74%]
tests/test_router_e2e.py::TestHealth::test_root PASSED                   [ 75%]
tests/test_validation_flow.py::test_dispatch_artifacts_accepts_artifact_list_entrypoint PASSED [ 75%]
tests/test_validation_flow.py::test_overall_pass_when_everything_passes PASSED [ 75%]
tests/test_validation_flow.py::test_overall_block_when_one_artifact_is_blocked PASSED [ 76%]
tests/test_validation_flow.py::test_overall_pending_review_when_no_block_but_pending_exists PASSED [ 76%]
tests/test_validation_flow.py::test_config_reroute_block_propagates_to_config_and_overall PASSED [ 77%]
tests/test_validation_flow.py::test_config_reroute_pending_propagates_to_config_and_overall PASSED [ 77%]
tests/test_validation_flow.py::test_stop_on_first_block_stops_remaining_dispatch PASSED [ 78%]
tests/test_validation_flow.py::test_context_review_and_context_block_are_reflected_in_overall_status PASSED [ 78%]
tests/test_validation_flow.py::test_preprocessing_auxiliary_unknown_are_not_auto_passed_in_orchestrator PASSED [ 78%]
tests/test_validation_flow.py::test_loader_error_is_reported_as_error_status PASSED [ 79%]
tests/test_validation_flow.py::test_error_has_priority_over_pending_review_in_overall_status PASSED [ 79%]
tests/test_whitelist_engine.py::TestAllowed::test_seeded_api_is_allowed PASSED [ 80%]
tests/test_whitelist_engine.py::TestAllowed::test_whitelist_version_in_every_response PASSED [ 80%]
tests/test_whitelist_engine.py::TestBlocked::test_permanently_blocked[torch.load] PASSED [ 81%]
tests/test_whitelist_engine.py::TestBlocked::test_permanently_blocked[pickle.load] PASSED [ 81%]
tests/test_whitelist_engine.py::TestBlocked::test_permanently_blocked[pickle.loads] PASSED [ 81%]
tests/test_whitelist_engine.py::TestBlocked::test_permanently_blocked[numpy.load] PASSED [ 82%]
tests/test_whitelist_engine.py::TestBlocked::test_permanently_blocked[os.system] PASSED [ 82%]
tests/test_whitelist_engine.py::TestBlocked::test_permanently_blocked[subprocess.run] PASSED [ 83%]
tests/test_whitelist_engine.py::TestBlocked::test_permanently_blocked[subprocess.Popen] PASSED [ 83%]
tests/test_whitelist_engine.py::TestBlocked::test_permanently_blocked[builtins.eval] PASSED [ 84%]
tests/test_whitelist_engine.py::TestBlocked::test_permanently_blocked[builtins.exec] PASSED [ 84%]
tests/test_whitelist_engine.py::TestBlocked::test_permanently_blocked[builtins.__import__] PASSED [ 84%]
tests/test_whitelist_engine.py::TestBlocked::test_permanently_blocked[importlib.import_module] PASSED [ 85%]
tests/test_whitelist_engine.py::TestBlocked::test_permanently_blocked[yaml.unsafe_load] PASSED [ 85%]
tests/test_whitelist_engine.py::TestBlocked::test_block_overrides_allow PASSED [ 86%]
tests/test_whitelist_engine.py::TestBlocked::test_db_blocked_entry PASSED [ 86%]
tests/test_whitelist_engine.py::TestPending::test_unknown_api_in_known_namespace PASSED [ 87%]
tests/test_whitelist_engine.py::TestPending::test_pending_record_created PASSED [ 87%]
tests/test_whitelist_engine.py::TestPending::test_repeated_api_increments_seen_count PASSED [ 87%]
tests/test_whitelist_engine.py::TestPending::test_model_list_accumulates PASSED [ 88%]
tests/test_whitelist_engine.py::TestPending::test_documentation_url_inferred PASSED [ 88%]
tests/test_whitelist_engine.py::TestUnknown::test_unknown_namespace PASSED [ 89%]
tests/test_whitelist_engine.py::TestUnknown::test_unknown_still_creates_pending PASSED [ 89%]
tests/test_whitelist_engine.py::TestRiskKeywordEscalation::test_load_keyword_escalates_recommendation PASSED [ 90%]
tests/test_whitelist_engine.py::TestAutoApproveIsRecommendationOnly::test_auto_approve_pending_is_not_in_approved_table PASSED [ 90%]
tests/test_whitelist_engine.py::TestDeterminism::test_same_input_same_output PASSED [ 90%]
tests/test_whitelist_engine.py::TestDeterminism::test_order_independence PASSED [ 91%]
tests/test_whitelist_engine.py::TestSpecExample::test_spec_example_three_apis PASSED [ 91%]
tests/test_whitelist_integration.py::TestProtocolCompliance::test_lookup_satisfies_protocol PASSED [ 92%]
tests/test_whitelist_integration.py::TestProtocolCompliance::test_whitelist_version_matches_engine PASSED [ 92%]
tests/test_whitelist_integration.py::TestIsAllowedExact::test_approved_api_returns_true PASSED [ 93%]
tests/test_whitelist_integration.py::TestIsAllowedExact::test_blocked_in_db_returns_false PASSED [ 93%]
tests/test_whitelist_integration.py::TestIsAllowedExact::test_unregistered_returns_false PASSED [ 93%]
tests/test_whitelist_integration.py::TestIsAllowedExact::test_unregistered_accumulates PASSED [ 94%]
tests/test_whitelist_integration.py::TestFlushPending::test_flush_creates_pending_records PASSED [ 94%]
tests/test_whitelist_integration.py::TestFlushPending::test_flush_4state_for_block_via_engine PASSED [ 95%]
tests/test_whitelist_integration.py::TestFlushPending::test_flush_idempotent PASSED [ 95%]
tests/test_whitelist_integration.py::TestFlushPending::test_flush_with_no_unregistered_returns_empty PASSED [ 96%]
tests/test_whitelist_integration.py::TestContextManager::test_with_block_auto_flushes_on_exit PASSED [ 96%]
tests/test_whitelist_integration.py::TestContextManager::test_exception_in_block_still_rollback_safe PASSED [ 96%]
tests/test_whitelist_integration.py::TestCompatiblePolicy::test_includes_all_permanently_blocked PASSED [ 97%]
tests/test_whitelist_integration.py::TestCompatiblePolicy::test_subprocess_prefix_preserved PASSED [ 97%]
tests/test_whitelist_integration.py::TestCompatiblePolicy::test_ctypes_prefix_added PASSED [ 98%]
tests/test_whitelist_integration.py::TestCompatiblePolicy::test_allowed_exact_empty PASSED [ 98%]
tests/test_whitelist_integration.py::TestRegisterPendingFromApis::test_batch_registers_each PASSED [ 99%]
tests/test_whitelist_integration.py::TestRegisterPendingFromApis::test_empty_input_no_op PASSED [ 99%]
tests/test_whitelist_integration.py::TestRegisterPendingFromApis::test_dedup_and_strip PASSED [100%]

============================= 233 passed in 3.99s =============================
